<?xml version="1.0" encoding="UTF-8"?>
<coverage generated="1750274029050" clover="3.2.0">
  <project timestamp="1750274029050" name="All files">
    <metrics statements="17" coveredstatements="17" conditionals="8" coveredconditionals="7" methods="4" coveredmethods="4" elements="29" coveredelements="28" complexity="0" loc="17" ncloc="17" packages="1" files="2" classes="2"/>
    <file name="diffGenerator.js" path="/Users/deniskolomoyets/Documents/Projects/qa-auto-engineer-javascript-project-87/src/diffGenerator.js">
      <metrics statements="11" coveredstatements="11" conditionals="6" coveredconditionals="6" methods="2" coveredmethods="2"/>
      <line num="3" count="1" type="stmt"/>
      <line num="4" count="1" type="stmt"/>
      <line num="6" count="1" type="stmt"/>
      <line num="7" count="5" type="cond" truecount="2" falsecount="0"/>
      <line num="8" count="2" type="stmt"/>
      <line num="11" count="3" type="cond" truecount="2" falsecount="0"/>
      <line num="12" count="1" type="stmt"/>
      <line num="15" count="2" type="cond" truecount="2" falsecount="0"/>
      <line num="16" count="1" type="stmt"/>
      <line num="22" count="1" type="stmt"/>
      <line num="25" count="1" type="stmt"/>
    </file>
    <file name="parsers.js" path="/Users/deniskolomoyets/Documents/Projects/qa-auto-engineer-javascript-project-87/src/parsers.js">
      <metrics statements="6" coveredstatements="6" conditionals="2" coveredconditionals="1" methods="2" coveredmethods="2"/>
      <line num="4" count="1" type="stmt"/>
      <line num="5" count="2" type="cond" truecount="1" falsecount="1"/>
      <line num="10" count="1" type="stmt"/>
      <line num="11" count="2" type="stmt"/>
      <line num="12" count="2" type="stmt"/>
      <line num="13" count="2" type="stmt"/>
    </file>
  </project>
</coverage>
