<?xml version="1.0" encoding="UTF-8"?>
<coverage generated="1750587088097" clover="3.2.0">
  <project timestamp="1750587088097" name="All files">
    <metrics statements="59" coveredstatements="56" conditionals="47" coveredconditionals="34" methods="14" coveredmethods="14" elements="120" coveredelements="104" complexity="0" loc="59" ncloc="59" packages="2" files="7" classes="7"/>
    <package name="src">
      <metrics statements="24" coveredstatements="23" conditionals="15" coveredconditionals="11" methods="5" coveredmethods="5"/>
      <file name="diffGenerator.js" path="/Users/deniskolomoyets/Documents/Projects/qa-auto-engineer-javascript-project-87/src/diffGenerator.js">
        <metrics statements="10" coveredstatements="10" conditionals="6" coveredconditionals="6" methods="2" coveredmethods="2"/>
        <line num="3" count="1" type="stmt"/>
        <line num="4" count="5" type="stmt"/>
        <line num="6" count="5" type="stmt"/>
        <line num="7" count="25" type="cond" truecount="2" falsecount="0"/>
        <line num="8" count="10" type="stmt"/>
        <line num="11" count="15" type="cond" truecount="2" falsecount="0"/>
        <line num="12" count="5" type="stmt"/>
        <line num="15" count="10" type="cond" truecount="2" falsecount="0"/>
        <line num="16" count="5" type="stmt"/>
        <line num="19" count="5" type="stmt"/>
      </file>
      <file name="index.js" path="/Users/deniskolomoyets/Documents/Projects/qa-auto-engineer-javascript-project-87/src/index.js">
        <metrics statements="5" coveredstatements="5" conditionals="1" coveredconditionals="0" methods="1" coveredmethods="1"/>
        <line num="5" count="1" type="cond" truecount="0" falsecount="1"/>
        <line num="6" count="5" type="stmt"/>
        <line num="7" count="5" type="stmt"/>
        <line num="8" count="5" type="stmt"/>
        <line num="9" count="5" type="stmt"/>
      </file>
      <file name="parsers.js" path="/Users/deniskolomoyets/Documents/Projects/qa-auto-engineer-javascript-project-87/src/parsers.js">
        <metrics statements="9" coveredstatements="8" conditionals="8" coveredconditionals="5" methods="2" coveredmethods="2"/>
        <line num="5" count="1" type="stmt"/>
        <line num="6" count="10" type="cond" truecount="1" falsecount="1"/>
        <line num="11" count="1" type="stmt"/>
        <line num="12" count="10" type="stmt"/>
        <line num="13" count="10" type="stmt"/>
        <line num="14" count="10" type="stmt"/>
        <line num="15" count="10" type="cond" truecount="2" falsecount="0"/>
        <line num="16" count="4" type="cond" truecount="2" falsecount="2"/>
        <line num="17" count="0" type="stmt"/>
      </file>
    </package>
    <package name="src.formatters">
      <metrics statements="35" coveredstatements="33" conditionals="32" coveredconditionals="23" methods="9" coveredmethods="9"/>
      <file name="index.js" path="/Users/deniskolomoyets/Documents/Projects/qa-auto-engineer-javascript-project-87/src/formatters/index.js">
        <metrics statements="5" coveredstatements="4" conditionals="6" coveredconditionals="3" methods="1" coveredmethods="1"/>
        <line num="6" count="6" type="cond" truecount="3" falsecount="2"/>
        <line num="8" count="4" type="stmt"/>
        <line num="10" count="1" type="stmt"/>
        <line num="13" count="0" type="stmt"/>
        <line num="15" count="1" type="stmt"/>
      </file>
      <file name="json.js" path="/Users/deniskolomoyets/Documents/Projects/qa-auto-engineer-javascript-project-87/src/formatters/json.js">
        <metrics statements="1" coveredstatements="1" conditionals="0" coveredconditionals="0" methods="1" coveredmethods="1"/>
        <line num="1" count="1" type="stmt"/>
      </file>
      <file name="plain.js" path="/Users/deniskolomoyets/Documents/Projects/qa-auto-engineer-javascript-project-87/src/formatters/plain.js">
        <metrics statements="15" coveredstatements="14" conditionals="14" coveredconditionals="9" methods="4" coveredmethods="4"/>
        <line num="1" count="1" type="stmt"/>
        <line num="2" count="12" type="cond" truecount="1" falsecount="1"/>
        <line num="3" count="12" type="cond" truecount="1" falsecount="1"/>
        <line num="4" count="12" type="cond" truecount="1" falsecount="1"/>
        <line num="5" count="12" type="stmt"/>
        <line num="8" count="1" type="stmt"/>
        <line num="9" count="4" type="cond" truecount="1" falsecount="0"/>
        <line num="11" count="20" type="cond" truecount="1" falsecount="1"/>
        <line num="13" count="20" type="cond" truecount="4" falsecount="1"/>
        <line num="15" count="4" type="stmt"/>
        <line num="17" count="8" type="stmt"/>
        <line num="19" count="4" type="stmt"/>
        <line num="21" count="4" type="stmt"/>
        <line num="23" count="0" type="stmt"/>
        <line num="29" count="4" type="stmt"/>
      </file>
      <file name="stylish.js" path="/Users/deniskolomoyets/Documents/Projects/qa-auto-engineer-javascript-project-87/src/formatters/stylish.js">
        <metrics statements="14" coveredstatements="14" conditionals="12" coveredconditionals="11" methods="3" coveredmethods="3"/>
        <line num="1" count="2" type="stmt"/>
        <line num="2" count="6" type="cond" truecount="1" falsecount="1"/>
        <line num="3" count="6" type="cond" truecount="4" falsecount="0"/>
        <line num="4" count="2" type="stmt"/>
        <line num="7" count="2" type="stmt"/>
        <line num="8" count="2" type="stmt"/>
        <line num="15" count="6" type="stmt"/>
        <line num="17" count="6" type="cond" truecount="6" falsecount="0"/>
        <line num="19" count="1" type="stmt"/>
        <line num="22" count="2" type="stmt"/>
        <line num="24" count="1" type="stmt"/>
        <line num="26" count="1" type="stmt"/>
        <line num="28" count="1" type="stmt"/>
        <line num="32" count="1" type="stmt"/>
      </file>
    </package>
  </project>
</coverage>
