{"/Users/deniskolomoyets/Documents/Projects/qa-auto-engineer-javascript-project-87/src/diffGenerator.js": {"path":"/Users/deniskolomoyets/Documents/Projects/qa-auto-engineer-javascript-project-87/src/diffGenerator.js","statementMap":{"0":{"start":{"line":3,"column":18},"end":{"line":26,"column":1}},"1":{"start":{"line":4,"column":15},"end":{"line":4,"column":70}},"2":{"start":{"line":6,"column":2},"end":{"line":25,"column":4}},"3":{"start":{"line":7,"column":4},"end":{"line":9,"column":5}},"4":{"start":{"line":8,"column":6},"end":{"line":8,"column":55}},"5":{"start":{"line":11,"column":4},"end":{"line":13,"column":5}},"6":{"start":{"line":12,"column":6},"end":{"line":12,"column":53}},"7":{"start":{"line":15,"column":4},"end":{"line":17,"column":5}},"8":{"start":{"line":16,"column":6},"end":{"line":16,"column":57}},"9":{"start":{"line":19,"column":4},"end":{"line":24,"column":5}}},"fnMap":{"0":{"name":"(anonymous_0)","decl":{"start":{"line":3,"column":18},"end":{"line":3,"column":19}},"loc":{"start":{"line":3,"column":34},"end":{"line":26,"column":1}},"line":3},"1":{"name":"(anonymous_1)","decl":{"start":{"line":6,"column":18},"end":{"line":6,"column":19}},"loc":{"start":{"line":6,"column":27},"end":{"line":25,"column":3}},"line":6}},"branchMap":{"0":{"loc":{"start":{"line":7,"column":4},"end":{"line":9,"column":5}},"type":"if","locations":[{"start":{"line":7,"column":4},"end":{"line":9,"column":5}},{"start":{},"end":{}}],"line":7},"1":{"loc":{"start":{"line":11,"column":4},"end":{"line":13,"column":5}},"type":"if","locations":[{"start":{"line":11,"column":4},"end":{"line":13,"column":5}},{"start":{},"end":{}}],"line":11},"2":{"loc":{"start":{"line":15,"column":4},"end":{"line":17,"column":5}},"type":"if","locations":[{"start":{"line":15,"column":4},"end":{"line":17,"column":5}},{"start":{},"end":{}}],"line":15}},"s":{"0":1,"1":5,"2":5,"3":25,"4":10,"5":15,"6":5,"7":10,"8":5,"9":5},"f":{"0":5,"1":25},"b":{"0":[10,15],"1":[5,10],"2":[5,5]},"inputSourceMap":null,"_coverageSchema":"1a1c01bbd47fc00a2c39e90264f33305004495a9","hash":"33a6b0006c9e45da074f179cabdb2a034de620bf"}
,"/Users/deniskolomoyets/Documents/Projects/qa-auto-engineer-javascript-project-87/src/index.js": {"path":"/Users/deniskolomoyets/Documents/Projects/qa-auto-engineer-javascript-project-87/src/index.js","statementMap":{"0":{"start":{"line":5,"column":16},"end":{"line":10,"column":1}},"1":{"start":{"line":6,"column":16},"end":{"line":6,"column":32}},"2":{"start":{"line":7,"column":16},"end":{"line":7,"column":32}},"3":{"start":{"line":8,"column":15},"end":{"line":8,"column":42}},"4":{"start":{"line":9,"column":2},"end":{"line":9,"column":33}}},"fnMap":{"0":{"name":"(anonymous_0)","decl":{"start":{"line":5,"column":16},"end":{"line":5,"column":17}},"loc":{"start":{"line":5,"column":66},"end":{"line":10,"column":1}},"line":5}},"branchMap":{"0":{"loc":{"start":{"line":5,"column":39},"end":{"line":5,"column":61}},"type":"default-arg","locations":[{"start":{"line":5,"column":52},"end":{"line":5,"column":61}}],"line":5}},"s":{"0":1,"1":5,"2":5,"3":5,"4":5},"f":{"0":5},"b":{"0":[0]},"inputSourceMap":null,"_coverageSchema":"1a1c01bbd47fc00a2c39e90264f33305004495a9","hash":"512dc486c93fd788b00859d4713b7a10339c7c70"}
,"/Users/deniskolomoyets/Documents/Projects/qa-auto-engineer-javascript-project-87/src/parsers.js": {"path":"/Users/deniskolomoyets/Documents/Projects/qa-auto-engineer-javascript-project-87/src/parsers.js","statementMap":{"0":{"start":{"line":5,"column":20},"end":{"line":9,"column":1}},"1":{"start":{"line":6,"column":2},"end":{"line":8,"column":59}},"2":{"start":{"line":11,"column":14},"end":{"line":18,"column":1}},"3":{"start":{"line":12,"column":19},"end":{"line":12,"column":40}},"4":{"start":{"line":13,"column":15},"end":{"line":13,"column":49}},"5":{"start":{"line":14,"column":14},"end":{"line":14,"column":36}},"6":{"start":{"line":15,"column":2},"end":{"line":15,"column":46}},"7":{"start":{"line":15,"column":23},"end":{"line":15,"column":46}},"8":{"start":{"line":16,"column":2},"end":{"line":16,"column":63}},"9":{"start":{"line":16,"column":41},"end":{"line":16,"column":63}},"10":{"start":{"line":17,"column":2},"end":{"line":17,"column":50}}},"fnMap":{"0":{"name":"(anonymous_0)","decl":{"start":{"line":5,"column":20},"end":{"line":5,"column":21}},"loc":{"start":{"line":6,"column":2},"end":{"line":8,"column":59}},"line":6},"1":{"name":"(anonymous_1)","decl":{"start":{"line":11,"column":14},"end":{"line":11,"column":15}},"loc":{"start":{"line":11,"column":28},"end":{"line":18,"column":1}},"line":11}},"branchMap":{"0":{"loc":{"start":{"line":6,"column":2},"end":{"line":8,"column":59}},"type":"cond-expr","locations":[{"start":{"line":7,"column":6},"end":{"line":7,"column":14}},{"start":{"line":8,"column":6},"end":{"line":8,"column":59}}],"line":6},"1":{"loc":{"start":{"line":15,"column":2},"end":{"line":15,"column":46}},"type":"if","locations":[{"start":{"line":15,"column":2},"end":{"line":15,"column":46}},{"start":{},"end":{}}],"line":15},"2":{"loc":{"start":{"line":16,"column":2},"end":{"line":16,"column":63}},"type":"if","locations":[{"start":{"line":16,"column":2},"end":{"line":16,"column":63}},{"start":{},"end":{}}],"line":16},"3":{"loc":{"start":{"line":16,"column":6},"end":{"line":16,"column":39}},"type":"binary-expr","locations":[{"start":{"line":16,"column":6},"end":{"line":16,"column":20}},{"start":{"line":16,"column":24},"end":{"line":16,"column":39}}],"line":16}},"s":{"0":1,"1":10,"2":1,"3":10,"4":10,"5":10,"6":10,"7":6,"8":4,"9":4,"10":0},"f":{"0":10,"1":10},"b":{"0":[10,0],"1":[6,4],"2":[4,0],"3":[4,0]},"inputSourceMap":null,"_coverageSchema":"1a1c01bbd47fc00a2c39e90264f33305004495a9","hash":"379694a0b3afde8cf978767835dbbd8c85db16f4"}
,"/Users/deniskolomoyets/Documents/Projects/qa-auto-engineer-javascript-project-87/src/formatters/index.js": {"path":"/Users/deniskolomoyets/Documents/Projects/qa-auto-engineer-javascript-project-87/src/formatters/index.js","statementMap":{"0":{"start":{"line":6,"column":2},"end":{"line":16,"column":3}},"1":{"start":{"line":8,"column":6},"end":{"line":8,"column":18}},"2":{"start":{"line":10,"column":6},"end":{"line":10,"column":17}},"3":{"start":{"line":13,"column":6},"end":{"line":13,"column":20}},"4":{"start":{"line":15,"column":6},"end":{"line":15,"column":54}}},"fnMap":{"0":{"name":"(anonymous_0)","decl":{"start":{"line":5,"column":15},"end":{"line":5,"column":16}},"loc":{"start":{"line":5,"column":43},"end":{"line":17,"column":1}},"line":5}},"branchMap":{"0":{"loc":{"start":{"line":5,"column":16},"end":{"line":5,"column":38}},"type":"default-arg","locations":[{"start":{"line":5,"column":29},"end":{"line":5,"column":38}}],"line":5},"1":{"loc":{"start":{"line":6,"column":2},"end":{"line":16,"column":3}},"type":"switch","locations":[{"start":{"line":7,"column":4},"end":{"line":8,"column":18}},{"start":{"line":9,"column":4},"end":{"line":10,"column":17}},{"start":{"line":11,"column":4},"end":{"line":11,"column":19}},{"start":{"line":12,"column":4},"end":{"line":13,"column":20}},{"start":{"line":14,"column":4},"end":{"line":15,"column":54}}],"line":6}},"s":{"0":6,"1":4,"2":1,"3":0,"4":1},"f":{"0":6},"b":{"0":[0],"1":[4,1,0,0,1]},"inputSourceMap":null,"_coverageSchema":"1a1c01bbd47fc00a2c39e90264f33305004495a9","hash":"09750efb2cb0d7b618291a826dc2272b797cbfe6"}
,"/Users/deniskolomoyets/Documents/Projects/qa-auto-engineer-javascript-project-87/src/formatters/json.js": {"path":"/Users/deniskolomoyets/Documents/Projects/qa-auto-engineer-javascript-project-87/src/formatters/json.js","statementMap":{"0":{"start":{"line":1,"column":27},"end":{"line":1,"column":60}}},"fnMap":{"0":{"name":"(anonymous_0)","decl":{"start":{"line":1,"column":15},"end":{"line":1,"column":16}},"loc":{"start":{"line":1,"column":27},"end":{"line":1,"column":60}},"line":1}},"branchMap":{},"s":{"0":1},"f":{"0":1},"b":{},"inputSourceMap":null,"_coverageSchema":"1a1c01bbd47fc00a2c39e90264f33305004495a9","hash":"c5923f5999e73e656aa258285eb93827ffcc234e"}
,"/Users/deniskolomoyets/Documents/Projects/qa-auto-engineer-javascript-project-87/src/formatters/plain.js": {"path":"/Users/deniskolomoyets/Documents/Projects/qa-auto-engineer-javascript-project-87/src/formatters/plain.js","statementMap":{"0":{"start":{"line":1,"column":20},"end":{"line":6,"column":1}},"1":{"start":{"line":2,"column":2},"end":{"line":2,"column":35}},"2":{"start":{"line":2,"column":22},"end":{"line":2,"column":35}},"3":{"start":{"line":3,"column":2},"end":{"line":3,"column":57}},"4":{"start":{"line":3,"column":33},"end":{"line":3,"column":57}},"5":{"start":{"line":4,"column":2},"end":{"line":4,"column":52}},"6":{"start":{"line":4,"column":33},"end":{"line":4,"column":52}},"7":{"start":{"line":5,"column":2},"end":{"line":5,"column":22}},"8":{"start":{"line":8,"column":14},"end":{"line":30,"column":1}},"9":{"start":{"line":9,"column":15},"end":{"line":27,"column":15}},"10":{"start":{"line":9,"column":37},"end":{"line":27,"column":15}},"11":{"start":{"line":11,"column":23},"end":{"line":11,"column":62}},"12":{"start":{"line":13,"column":6},"end":{"line":24,"column":7}},"13":{"start":{"line":15,"column":10},"end":{"line":15,"column":90}},"14":{"start":{"line":17,"column":10},"end":{"line":17,"column":53}},"15":{"start":{"line":19,"column":10},"end":{"line":19,"column":122}},"16":{"start":{"line":21,"column":10},"end":{"line":21,"column":21}},"17":{"start":{"line":23,"column":10},"end":{"line":23,"column":55}},"18":{"start":{"line":29,"column":2},"end":{"line":29,"column":23}}},"fnMap":{"0":{"name":"(anonymous_0)","decl":{"start":{"line":1,"column":20},"end":{"line":1,"column":21}},"loc":{"start":{"line":1,"column":31},"end":{"line":6,"column":1}},"line":1},"1":{"name":"(anonymous_1)","decl":{"start":{"line":8,"column":14},"end":{"line":8,"column":15}},"loc":{"start":{"line":8,"column":28},"end":{"line":30,"column":1}},"line":8},"2":{"name":"(anonymous_2)","decl":{"start":{"line":9,"column":15},"end":{"line":9,"column":16}},"loc":{"start":{"line":9,"column":37},"end":{"line":27,"column":15}},"line":9},"3":{"name":"(anonymous_3)","decl":{"start":{"line":10,"column":9},"end":{"line":10,"column":10}},"loc":{"start":{"line":10,"column":19},"end":{"line":25,"column":5}},"line":10}},"branchMap":{"0":{"loc":{"start":{"line":2,"column":2},"end":{"line":2,"column":35}},"type":"if","locations":[{"start":{"line":2,"column":2},"end":{"line":2,"column":35}},{"start":{},"end":{}}],"line":2},"1":{"loc":{"start":{"line":3,"column":2},"end":{"line":3,"column":57}},"type":"if","locations":[{"start":{"line":3,"column":2},"end":{"line":3,"column":57}},{"start":{},"end":{}}],"line":3},"2":{"loc":{"start":{"line":4,"column":2},"end":{"line":4,"column":52}},"type":"if","locations":[{"start":{"line":4,"column":2},"end":{"line":4,"column":52}},{"start":{},"end":{}}],"line":4},"3":{"loc":{"start":{"line":9,"column":23},"end":{"line":9,"column":32}},"type":"default-arg","locations":[{"start":{"line":9,"column":30},"end":{"line":9,"column":32}}],"line":9},"4":{"loc":{"start":{"line":11,"column":23},"end":{"line":11,"column":62}},"type":"cond-expr","locations":[{"start":{"line":11,"column":30},"end":{"line":11,"column":51}},{"start":{"line":11,"column":54},"end":{"line":11,"column":62}}],"line":11},"5":{"loc":{"start":{"line":13,"column":6},"end":{"line":24,"column":7}},"type":"switch","locations":[{"start":{"line":14,"column":8},"end":{"line":15,"column":90}},{"start":{"line":16,"column":8},"end":{"line":17,"column":53}},{"start":{"line":18,"column":8},"end":{"line":19,"column":122}},{"start":{"line":20,"column":8},"end":{"line":21,"column":21}},{"start":{"line":22,"column":8},"end":{"line":23,"column":55}}],"line":13}},"s":{"0":1,"1":12,"2":0,"3":12,"4":0,"5":12,"6":0,"7":12,"8":1,"9":4,"10":4,"11":20,"12":20,"13":4,"14":8,"15":4,"16":4,"17":0,"18":4},"f":{"0":12,"1":4,"2":4,"3":20},"b":{"0":[0,12],"1":[0,12],"2":[0,12],"3":[4],"4":[0,20],"5":[4,8,4,4,0]},"inputSourceMap":null,"_coverageSchema":"1a1c01bbd47fc00a2c39e90264f33305004495a9","hash":"abbfa72076ea99d8b6a22c7c9c17c7c7deb82a30"}
,"/Users/deniskolomoyets/Documents/Projects/qa-auto-engineer-javascript-project-87/src/formatters/stylish.js": {"path":"/Users/deniskolomoyets/Documents/Projects/qa-auto-engineer-javascript-project-87/src/formatters/stylish.js","statementMap":{"0":{"start":{"line":1,"column":20},"end":{"line":5,"column":1}},"1":{"start":{"line":2,"column":2},"end":{"line":2,"column":31}},"2":{"start":{"line":2,"column":20},"end":{"line":2,"column":31}},"3":{"start":{"line":3,"column":2},"end":{"line":3,"column":69}},"4":{"start":{"line":3,"column":59},"end":{"line":3,"column":69}},"5":{"start":{"line":4,"column":2},"end":{"line":4,"column":20}},"6":{"start":{"line":7,"column":13},"end":{"line":33,"column":1}},"7":{"start":{"line":8,"column":16},"end":{"line":30,"column":4}},"8":{"start":{"line":15,"column":8},"end":{"line":15,"column":12}},"9":{"start":{"line":17,"column":4},"end":{"line":29,"column":5}},"10":{"start":{"line":19,"column":8},"end":{"line":19,"column":50}},"11":{"start":{"line":22,"column":8},"end":{"line":22,"column":50}},"12":{"start":{"line":24,"column":8},"end":{"line":24,"column":50}},"13":{"start":{"line":26,"column":8},"end":{"line":26,"column":91}},"14":{"start":{"line":28,"column":8},"end":{"line":28,"column":50}},"15":{"start":{"line":32,"column":2},"end":{"line":32,"column":36}}},"fnMap":{"0":{"name":"(anonymous_0)","decl":{"start":{"line":1,"column":20},"end":{"line":1,"column":21}},"loc":{"start":{"line":1,"column":29},"end":{"line":5,"column":1}},"line":1},"1":{"name":"(anonymous_1)","decl":{"start":{"line":7,"column":13},"end":{"line":7,"column":14}},"loc":{"start":{"line":7,"column":23},"end":{"line":33,"column":1}},"line":7},"2":{"name":"(anonymous_2)","decl":{"start":{"line":8,"column":25},"end":{"line":8,"column":26}},"loc":{"start":{"line":8,"column":35},"end":{"line":30,"column":3}},"line":8}},"branchMap":{"0":{"loc":{"start":{"line":2,"column":2},"end":{"line":2,"column":31}},"type":"if","locations":[{"start":{"line":2,"column":2},"end":{"line":2,"column":31}},{"start":{},"end":{}}],"line":2},"1":{"loc":{"start":{"line":3,"column":2},"end":{"line":3,"column":69}},"type":"if","locations":[{"start":{"line":3,"column":2},"end":{"line":3,"column":69}},{"start":{},"end":{}}],"line":3},"2":{"loc":{"start":{"line":3,"column":6},"end":{"line":3,"column":57}},"type":"binary-expr","locations":[{"start":{"line":3,"column":6},"end":{"line":3,"column":30}},{"start":{"line":3,"column":34},"end":{"line":3,"column":57}}],"line":3},"3":{"loc":{"start":{"line":17,"column":4},"end":{"line":29,"column":5}},"type":"switch","locations":[{"start":{"line":18,"column":6},"end":{"line":19,"column":50}},{"start":{"line":20,"column":6},"end":{"line":20,"column":21}},{"start":{"line":21,"column":6},"end":{"line":22,"column":50}},{"start":{"line":23,"column":6},"end":{"line":24,"column":50}},{"start":{"line":25,"column":6},"end":{"line":26,"column":91}},{"start":{"line":27,"column":6},"end":{"line":28,"column":50}}],"line":17}},"s":{"0":2,"1":6,"2":0,"3":6,"4":4,"5":2,"6":2,"7":2,"8":6,"9":6,"10":1,"11":2,"12":1,"13":1,"14":1,"15":1},"f":{"0":6,"1":2,"2":6},"b":{"0":[0,6],"1":[4,2],"2":[6,4],"3":[1,2,2,1,1,1]},"inputSourceMap":null,"_coverageSchema":"1a1c01bbd47fc00a2c39e90264f33305004495a9","hash":"fcfb29303da307a35b98910002061ac280091ae3"}
}
