TN:
SF:src/diffGenerator.js
FN:3,(anonymous_0)
FN:6,(anonymous_1)
FNF:2
FNH:2
FNDA:5,(anonymous_0)
FNDA:25,(anonymous_1)
DA:3,1
DA:4,5
DA:6,5
DA:7,25
DA:8,10
DA:11,15
DA:12,5
DA:15,10
DA:16,5
DA:19,5
LF:10
LH:10
BRDA:7,0,0,10
BRDA:7,0,1,15
BRDA:11,1,0,5
BRDA:11,1,1,10
BRDA:15,2,0,5
BRDA:15,2,1,5
BRF:6
BRH:6
end_of_record
TN:
SF:src/index.js
FN:5,(anonymous_0)
FNF:1
FNH:1
FNDA:5,(anonymous_0)
DA:5,1
DA:6,5
DA:7,5
DA:8,5
DA:9,5
LF:5
LH:5
BRDA:5,0,0,0
BRF:1
BRH:0
end_of_record
TN:
SF:src/parsers.js
FN:5,(anonymous_0)
FN:11,(anonymous_1)
FNF:2
FNH:2
FNDA:10,(anonymous_0)
FNDA:10,(anonymous_1)
DA:5,1
DA:6,10
DA:11,1
DA:12,10
DA:13,10
DA:14,10
DA:15,10
DA:16,4
DA:17,0
LF:9
LH:8
BRDA:6,0,0,10
BRDA:6,0,1,0
BRDA:15,1,0,6
BRDA:15,1,1,4
BRDA:16,2,0,4
BRDA:16,2,1,0
BRDA:16,3,0,4
BRDA:16,3,1,0
BRF:8
BRH:5
end_of_record
TN:
SF:src/formatters/index.js
FN:5,(anonymous_0)
FNF:1
FNH:1
FNDA:6,(anonymous_0)
DA:6,6
DA:8,4
DA:10,1
DA:13,0
DA:15,1
LF:5
LH:4
BRDA:5,0,0,0
BRDA:6,1,0,4
BRDA:6,1,1,1
BRDA:6,1,2,0
BRDA:6,1,3,0
BRDA:6,1,4,1
BRF:6
BRH:3
end_of_record
TN:
SF:src/formatters/json.js
FN:1,(anonymous_0)
FNF:1
FNH:1
FNDA:1,(anonymous_0)
DA:1,1
LF:1
LH:1
BRF:0
BRH:0
end_of_record
TN:
SF:src/formatters/plain.js
FN:1,(anonymous_0)
FN:8,(anonymous_1)
FN:9,(anonymous_2)
FN:10,(anonymous_3)
FNF:4
FNH:4
FNDA:12,(anonymous_0)
FNDA:4,(anonymous_1)
FNDA:4,(anonymous_2)
FNDA:20,(anonymous_3)
DA:1,1
DA:2,12
DA:3,12
DA:4,12
DA:5,12
DA:8,1
DA:9,4
DA:11,20
DA:13,20
DA:15,4
DA:17,8
DA:19,4
DA:21,4
DA:23,0
DA:29,4
LF:15
LH:14
BRDA:2,0,0,0
BRDA:2,0,1,12
BRDA:3,1,0,0
BRDA:3,1,1,12
BRDA:4,2,0,0
BRDA:4,2,1,12
BRDA:9,3,0,4
BRDA:11,4,0,0
BRDA:11,4,1,20
BRDA:13,5,0,4
BRDA:13,5,1,8
BRDA:13,5,2,4
BRDA:13,5,3,4
BRDA:13,5,4,0
BRF:14
BRH:9
end_of_record
TN:
SF:src/formatters/stylish.js
FN:1,(anonymous_0)
FN:7,(anonymous_1)
FN:8,(anonymous_2)
FNF:3
FNH:3
FNDA:6,(anonymous_0)
FNDA:2,(anonymous_1)
FNDA:6,(anonymous_2)
DA:1,2
DA:2,6
DA:3,6
DA:4,2
DA:7,2
DA:8,2
DA:15,6
DA:17,6
DA:19,1
DA:22,2
DA:24,1
DA:26,1
DA:28,1
DA:32,1
LF:14
LH:14
BRDA:2,0,0,0
BRDA:2,0,1,6
BRDA:3,1,0,4
BRDA:3,1,1,2
BRDA:3,2,0,6
BRDA:3,2,1,4
BRDA:17,3,0,1
BRDA:17,3,1,2
BRDA:17,3,2,2
BRDA:17,3,3,1
BRDA:17,3,4,1
BRDA:17,3,5,1
BRF:12
BRH:11
end_of_record
